22:00:46.487 [ApplicationImpl pooled thread 29] INFO  c.b.l.BrowserStackRunExtension - cucumber java
22:00:46.488 [ApplicationImpl pooled thread 29] INFO  com.browserstack.utils.Helpers - null
22:00:46.489 [ApplicationImpl pooled thread 29] INFO  c.b.l.BrowserStackRunExtension - Agent path: null
22:03:07.204 [ApplicationImpl pooled thread 34] INFO  c.b.l.BrowserStackRunExtension - cucumber java
22:03:07.204 [ApplicationImpl pooled thread 34] INFO  com.browserstack.utils.Helpers - null
22:03:07.220 [ApplicationImpl pooled thread 34] INFO  c.b.l.BrowserStackRunExtension - Agent path: null
22:24:06.942 [ApplicationImpl pooled thread 46] INFO  c.b.l.BrowserStackRunExtension - cucumber java
22:24:06.942 [ApplicationImpl pooled thread 46] INFO  com.browserstack.utils.Helpers - null
22:24:06.954 [ApplicationImpl pooled thread 46] INFO  c.b.l.BrowserStackRunExtension - Agent path: null
01:34:19.390 [ApplicationImpl pooled thread 51] INFO  c.b.l.BrowserStackRunExtension - junit
01:34:19.391 [ApplicationImpl pooled thread 51] INFO  com.browserstack.utils.Helpers - null
01:34:19.391 [ApplicationImpl pooled thread 51] INFO  c.b.l.BrowserStackRunExtension - Agent path: null
01:35:29.030 [ApplicationImpl pooled thread 43] INFO  c.b.l.BrowserStackRunExtension - junit
01:35:29.030 [ApplicationImpl pooled thread 43] INFO  com.browserstack.utils.Helpers - null
01:35:29.031 [ApplicationImpl pooled thread 43] INFO  c.b.l.BrowserStackRunExtension - Agent path: null
01:35:36.733 [ApplicationImpl pooled thread 50] INFO  c.b.l.BrowserStackRunExtension - junit
01:35:36.733 [ApplicationImpl pooled thread 50] INFO  com.browserstack.utils.Helpers - null
01:35:36.735 [ApplicationImpl pooled thread 50] INFO  c.b.l.BrowserStackRunExtension - Agent path: null
01:35:51.858 [ApplicationImpl pooled thread 54] INFO  c.b.l.BrowserStackRunExtension - junit
01:35:51.858 [ApplicationImpl pooled thread 54] INFO  com.browserstack.utils.Helpers - null
01:35:51.859 [ApplicationImpl pooled thread 54] INFO  c.b.l.BrowserStackRunExtension - Agent path: null
01:38:09.441 [ApplicationImpl pooled thread 8] INFO  c.b.l.BrowserStackRunExtension - junit
01:38:09.442 [ApplicationImpl pooled thread 8] INFO  com.browserstack.utils.Helpers - null
01:38:09.443 [ApplicationImpl pooled thread 8] INFO  c.b.l.BrowserStackRunExtension - Agent path: null
01:39:45.050 [ApplicationImpl pooled thread 14] INFO  c.b.l.BrowserStackRunExtension - junit
01:39:45.050 [ApplicationImpl pooled thread 14] INFO  com.browserstack.utils.Helpers - null
01:39:45.051 [ApplicationImpl pooled thread 14] INFO  c.b.l.BrowserStackRunExtension - Agent path: null
01:41:15.357 [ApplicationImpl pooled thread 14] INFO  c.b.l.BrowserStackRunExtension - junit
01:41:15.359 [ApplicationImpl pooled thread 14] INFO  com.browserstack.utils.Helpers - null
01:41:15.359 [ApplicationImpl pooled thread 14] INFO  c.b.l.BrowserStackRunExtension - Agent path: null
01:42:34.374 [ApplicationImpl pooled thread 14] INFO  c.b.l.BrowserStackRunExtension - junit
01:42:34.374 [ApplicationImpl pooled thread 14] INFO  com.browserstack.utils.Helpers - null
01:42:34.375 [ApplicationImpl pooled thread 14] INFO  c.b.l.BrowserStackRunExtension - Agent path: null
01:43:03.143 [ApplicationImpl pooled thread 21] INFO  c.b.l.BrowserStackRunExtension - junit
01:43:03.143 [ApplicationImpl pooled thread 21] INFO  com.browserstack.utils.Helpers - null
01:43:03.144 [ApplicationImpl pooled thread 21] INFO  c.b.l.BrowserStackRunExtension - Agent path: null
01:45:46.339 [ApplicationImpl pooled thread 21] INFO  c.b.l.BrowserStackRunExtension - junit
01:45:46.339 [ApplicationImpl pooled thread 21] INFO  com.browserstack.utils.Helpers - null
01:45:46.355 [ApplicationImpl pooled thread 21] INFO  c.b.l.BrowserStackRunExtension - Agent path: null
12:34:51.609 [ApplicationImpl pooled thread 16] INFO  c.b.l.BrowserStackRunExtension - junit
12:34:51.609 [ApplicationImpl pooled thread 16] INFO  com.browserstack.utils.Helpers - null
12:34:51.611 [ApplicationImpl pooled thread 16] INFO  c.b.l.BrowserStackRunExtension - Agent path: null
12:43:30.191 [ApplicationImpl pooled thread 1] INFO  c.b.l.BrowserStackRunExtension - junit
12:43:30.191 [ApplicationImpl pooled thread 1] INFO  com.browserstack.utils.Helpers - null
12:43:30.191 [ApplicationImpl pooled thread 1] INFO  c.b.l.BrowserStackRunExtension - Agent path: null
12:47:46.371 [ApplicationImpl pooled thread 24] INFO  c.b.l.BrowserStackRunExtension - junit
12:47:46.371 [ApplicationImpl pooled thread 24] INFO  com.browserstack.utils.Helpers - null
12:47:46.371 [ApplicationImpl pooled thread 24] INFO  c.b.l.BrowserStackRunExtension - Agent path: null
12:51:24.584 [ApplicationImpl pooled thread 28] INFO  c.b.l.BrowserStackRunExtension - junit
12:51:24.584 [ApplicationImpl pooled thread 28] INFO  com.browserstack.utils.Helpers - null
12:51:24.584 [ApplicationImpl pooled thread 28] INFO  c.b.l.BrowserStackRunExtension - Agent path: null
12:56:35.060 [ApplicationImpl pooled thread 23] INFO  c.b.l.BrowserStackRunExtension - junit
12:56:35.060 [ApplicationImpl pooled thread 23] INFO  com.browserstack.utils.Helpers - null
12:56:35.060 [ApplicationImpl pooled thread 23] INFO  c.b.l.BrowserStackRunExtension - Agent path: null
12:57:36.298 [ApplicationImpl pooled thread 28] INFO  c.b.l.BrowserStackRunExtension - junit
12:57:36.298 [ApplicationImpl pooled thread 28] INFO  com.browserstack.utils.Helpers - null
12:57:36.301 [ApplicationImpl pooled thread 28] INFO  c.b.l.BrowserStackRunExtension - Agent path: null
12:58:29.753 [ApplicationImpl pooled thread 36] INFO  c.b.l.BrowserStackRunExtension - junit
12:58:29.753 [ApplicationImpl pooled thread 36] INFO  com.browserstack.utils.Helpers - null
12:58:29.758 [ApplicationImpl pooled thread 36] INFO  c.b.l.BrowserStackRunExtension - Agent path: null
12:59:53.906 [ApplicationImpl pooled thread 36] INFO  c.b.l.BrowserStackRunExtension - junit
12:59:53.906 [ApplicationImpl pooled thread 36] INFO  com.browserstack.utils.Helpers - null
12:59:53.919 [ApplicationImpl pooled thread 36] INFO  c.b.l.BrowserStackRunExtension - Agent path: null
13:00:53.851 [ApplicationImpl pooled thread 36] INFO  c.b.l.BrowserStackRunExtension - junit
13:00:53.851 [ApplicationImpl pooled thread 36] INFO  com.browserstack.utils.Helpers - null
13:00:53.858 [ApplicationImpl pooled thread 36] INFO  c.b.l.BrowserStackRunExtension - Agent path: null
13:04:07.688 [ApplicationImpl pooled thread 38] INFO  c.b.l.BrowserStackRunExtension - junit
13:04:07.688 [ApplicationImpl pooled thread 38] INFO  com.browserstack.utils.Helpers - null
13:04:07.700 [ApplicationImpl pooled thread 38] INFO  c.b.l.BrowserStackRunExtension - Agent path: null
13:05:08.025 [ApplicationImpl pooled thread 37] INFO  c.b.l.BrowserStackRunExtension - junit
13:05:08.027 [ApplicationImpl pooled thread 37] INFO  com.browserstack.utils.Helpers - null
13:05:08.043 [ApplicationImpl pooled thread 37] INFO  c.b.l.BrowserStackRunExtension - Agent path: null
11:11:24.899 [ApplicationImpl pooled thread 77] INFO  c.b.l.BrowserStackRunExtension - junit
11:11:24.899 [ApplicationImpl pooled thread 77] INFO  com.browserstack.utils.Helpers - null
11:11:24.900 [ApplicationImpl pooled thread 77] INFO  c.b.l.BrowserStackRunExtension - Agent path: null
11:11:37.867 [ApplicationImpl pooled thread 68] INFO  c.b.l.BrowserStackRunExtension - junit
11:11:37.867 [ApplicationImpl pooled thread 68] INFO  com.browserstack.utils.Helpers - null
11:11:37.868 [ApplicationImpl pooled thread 68] INFO  c.b.l.BrowserStackRunExtension - Agent path: null
11:12:13.716 [ApplicationImpl pooled thread 68] INFO  c.b.l.BrowserStackRunExtension - junit
11:12:13.716 [ApplicationImpl pooled thread 68] INFO  com.browserstack.utils.Helpers - null
11:12:13.716 [ApplicationImpl pooled thread 68] INFO  c.b.l.BrowserStackRunExtension - Agent path: null
11:12:42.475 [ApplicationImpl pooled thread 82] INFO  c.b.l.BrowserStackRunExtension - junit
11:12:42.476 [ApplicationImpl pooled thread 82] INFO  com.browserstack.utils.Helpers - null
11:12:42.476 [ApplicationImpl pooled thread 82] INFO  c.b.l.BrowserStackRunExtension - Agent path: null
11:12:53.381 [ApplicationImpl pooled thread 82] INFO  c.b.l.BrowserStackRunExtension - junit
11:12:53.381 [ApplicationImpl pooled thread 82] INFO  com.browserstack.utils.Helpers - null
11:12:53.383 [ApplicationImpl pooled thread 82] INFO  c.b.l.BrowserStackRunExtension - Agent path: null
11:13:51.365 [ApplicationImpl pooled thread 77] INFO  c.b.l.BrowserStackRunExtension - junit
11:13:51.365 [ApplicationImpl pooled thread 77] INFO  com.browserstack.utils.Helpers - null
11:13:51.365 [ApplicationImpl pooled thread 77] INFO  c.b.l.BrowserStackRunExtension - Agent path: null
11:14:10.927 [ApplicationImpl pooled thread 77] INFO  c.b.l.BrowserStackRunExtension - junit
11:14:10.927 [ApplicationImpl pooled thread 77] INFO  com.browserstack.utils.Helpers - null
11:14:10.929 [ApplicationImpl pooled thread 77] INFO  c.b.l.BrowserStackRunExtension - Agent path: null
11:14:54.289 [ApplicationImpl pooled thread 82] INFO  c.b.l.BrowserStackRunExtension - junit
11:14:54.289 [ApplicationImpl pooled thread 82] INFO  com.browserstack.utils.Helpers - null
11:14:54.290 [ApplicationImpl pooled thread 82] INFO  c.b.l.BrowserStackRunExtension - Agent path: null
11:15:09.239 [ApplicationImpl pooled thread 68] INFO  c.b.l.BrowserStackRunExtension - junit
11:15:09.240 [ApplicationImpl pooled thread 68] INFO  com.browserstack.utils.Helpers - null
11:15:09.240 [ApplicationImpl pooled thread 68] INFO  c.b.l.BrowserStackRunExtension - Agent path: null
11:19:16.944 [ApplicationImpl pooled thread 85] INFO  c.b.l.BrowserStackRunExtension - junit
11:19:16.944 [ApplicationImpl pooled thread 85] INFO  com.browserstack.utils.Helpers - null
11:19:16.944 [ApplicationImpl pooled thread 85] INFO  c.b.l.BrowserStackRunExtension - Agent path: null
11:43:51.411 [AWT-EventQueue-0] INFO  c.b.actions.DisableBrowserStack - Setting disable browserstack run update
11:43:51.418 [AWT-EventQueue-0] INFO  c.b.actions.EnableBrowserStack - Setting enable browserstack run update
11:43:56.638 [AWT-EventQueue-0] INFO  c.b.actions.EnableBrowserStack - Setting enable browserstack run update
11:43:56.642 [AWT-EventQueue-0] INFO  c.b.actions.DisableBrowserStack - Setting disable browserstack run update
11:45:09.344 [AWT-EventQueue-0] INFO  c.b.actions.DisableBrowserStack - Setting disable browserstack run update
11:45:09.349 [AWT-EventQueue-0] INFO  c.b.actions.EnableBrowserStack - Setting enable browserstack run update
11:46:17.124 [AWT-EventQueue-0] INFO  c.b.launchers.LaunchMavenCommand - Integrate source: java:intellij:v1.1.6
11:46:17.124 [AWT-EventQueue-0] INFO  c.b.launchers.LaunchMavenCommand - Executing maven archetype command - browserstack-sdk-archetype-integrate
11:46:17.209 [ApplicationImpl pooled thread 21] INFO  c.b.l.BrowserStackRunExtension - maven
11:46:17.209 [ApplicationImpl pooled thread 21] INFO  com.browserstack.utils.Helpers - null
11:46:24.434 [java.exe] INFO  c.b.launchers.LaunchMavenCommand - Completed maven archetype command
12:03:07.897 [AWT-EventQueue-0] INFO  c.b.actions.DisableBrowserStack - Setting disable browserstack run update
12:03:07.898 [AWT-EventQueue-0] INFO  com.browserstack.utils.Helpers - C:/Users/devbase/.m2/repository/com/browserstack/browserstack-java-sdk/1.40.0/browserstack-java-sdk-1.40.0.jar
12:03:07.898 [AWT-EventQueue-0] INFO  com.browserstack.utils.Helpers - true
12:03:07.903 [AWT-EventQueue-0] INFO  c.b.actions.EnableBrowserStack - Setting enable browserstack run update
12:03:07.903 [AWT-EventQueue-0] INFO  com.browserstack.utils.Helpers - C:/Users/devbase/.m2/repository/com/browserstack/browserstack-java-sdk/1.40.0/browserstack-java-sdk-1.40.0.jar
12:03:07.903 [AWT-EventQueue-0] INFO  com.browserstack.utils.Helpers - true
12:03:42.217 [ApplicationImpl pooled thread 36] INFO  c.b.l.BrowserStackRunExtension - junit
12:03:42.217 [ApplicationImpl pooled thread 36] INFO  com.browserstack.utils.Helpers - true
12:03:42.217 [ApplicationImpl pooled thread 36] INFO  com.browserstack.utils.Helpers - C:/Users/devbase/.m2/repository/com/browserstack/browserstack-java-sdk/1.40.0/browserstack-java-sdk-1.40.0.jar
12:03:42.217 [ApplicationImpl pooled thread 36] INFO  c.b.l.BrowserStackRunExtension - Agent path: C:/Users/devbase/.m2/repository/com/browserstack/browserstack-java-sdk/1.40.0/browserstack-java-sdk-1.40.0.jar
12:03:42.218 [ApplicationImpl pooled thread 36] INFO  c.b.l.BrowserStackRunExtension - Adding Browserstack SDK javaagent argline
12:03:42.218 [ApplicationImpl pooled thread 36] INFO  c.b.l.BrowserStackRunExtension - Plugin version: v1.1.6
12:10:45.062 [AWT-EventQueue-0] INFO  c.b.actions.DisableBrowserStack - Setting disable browserstack run update
12:10:45.062 [AWT-EventQueue-0] INFO  com.browserstack.utils.Helpers - C:/Users/devbase/.m2/repository/com/browserstack/browserstack-java-sdk/1.40.0/browserstack-java-sdk-1.40.0.jar
12:10:45.062 [AWT-EventQueue-0] INFO  com.browserstack.utils.Helpers - true
12:10:45.066 [AWT-EventQueue-0] INFO  c.b.actions.EnableBrowserStack - Setting enable browserstack run update
12:10:45.067 [AWT-EventQueue-0] INFO  com.browserstack.utils.Helpers - C:/Users/devbase/.m2/repository/com/browserstack/browserstack-java-sdk/1.40.0/browserstack-java-sdk-1.40.0.jar
12:10:45.067 [AWT-EventQueue-0] INFO  com.browserstack.utils.Helpers - true
12:10:47.635 [AWT-EventQueue-0] INFO  c.b.actions.DisableBrowserStack - Setting disable browserstack run update
12:10:47.636 [AWT-EventQueue-0] INFO  com.browserstack.utils.Helpers - C:/Users/devbase/.m2/repository/com/browserstack/browserstack-java-sdk/1.40.0/browserstack-java-sdk-1.40.0.jar
12:10:47.636 [AWT-EventQueue-0] INFO  com.browserstack.utils.Helpers - true
12:10:47.641 [AWT-EventQueue-0] INFO  c.b.actions.DisableBrowserStack - Disabling BrowserStack Run
12:10:47.641 [AWT-EventQueue-0] INFO  com.browserstack.utils.Helpers - setting browserstack enabled to false
12:10:55.864 [ApplicationImpl pooled thread 43] INFO  c.b.l.BrowserStackRunExtension - junit
12:10:55.864 [ApplicationImpl pooled thread 43] INFO  com.browserstack.utils.Helpers - false
13:10:56.118 [AWT-EventQueue-0] INFO  c.b.actions.DisableBrowserStack - Setting disable browserstack run update
13:10:56.119 [AWT-EventQueue-0] INFO  com.browserstack.utils.Helpers - C:/Users/devbase/.m2/repository/com/browserstack/browserstack-java-sdk/1.40.0/browserstack-java-sdk-1.40.0.jar
13:10:56.119 [AWT-EventQueue-0] INFO  com.browserstack.utils.Helpers - false
13:10:56.124 [AWT-EventQueue-0] INFO  c.b.actions.EnableBrowserStack - Setting enable browserstack run update
13:10:56.124 [AWT-EventQueue-0] INFO  com.browserstack.utils.Helpers - C:/Users/devbase/.m2/repository/com/browserstack/browserstack-java-sdk/1.40.0/browserstack-java-sdk-1.40.0.jar
13:10:56.124 [AWT-EventQueue-0] INFO  com.browserstack.utils.Helpers - false
11:28:21.291 [ApplicationImpl pooled thread 34] INFO  c.b.l.BrowserStackRunExtension - junit
11:28:21.292 [ApplicationImpl pooled thread 34] INFO  com.browserstack.utils.Helpers - false
11:58:01.384 [ApplicationImpl pooled thread 58] INFO  c.b.l.BrowserStackRunExtension - junit
11:58:01.384 [ApplicationImpl pooled thread 58] INFO  com.browserstack.utils.Helpers - false
11:58:50.902 [ApplicationImpl pooled thread 63] INFO  c.b.l.BrowserStackRunExtension - junit
11:58:50.902 [ApplicationImpl pooled thread 63] INFO  com.browserstack.utils.Helpers - false
12:00:54.680 [ApplicationImpl pooled thread 70] INFO  c.b.l.BrowserStackRunExtension - junit
12:00:54.680 [ApplicationImpl pooled thread 70] INFO  com.browserstack.utils.Helpers - false
12:02:32.425 [ApplicationImpl pooled thread 70] INFO  c.b.l.BrowserStackRunExtension - junit
12:02:32.425 [ApplicationImpl pooled thread 70] INFO  com.browserstack.utils.Helpers - false
12:04:34.627 [ApplicationImpl pooled thread 76] INFO  c.b.l.BrowserStackRunExtension - junit
12:04:34.627 [ApplicationImpl pooled thread 76] INFO  com.browserstack.utils.Helpers - false
12:10:36.480 [ApplicationImpl pooled thread 82] INFO  c.b.l.BrowserStackRunExtension - cucumber java
12:10:36.480 [ApplicationImpl pooled thread 82] INFO  com.browserstack.utils.Helpers - false
12:12:35.858 [ApplicationImpl pooled thread 83] INFO  c.b.l.BrowserStackRunExtension - cucumber java
12:12:35.858 [ApplicationImpl pooled thread 83] INFO  com.browserstack.utils.Helpers - false
12:17:13.588 [ApplicationImpl pooled thread 8] INFO  c.b.l.BrowserStackRunExtension - cucumber java
12:17:13.591 [ApplicationImpl pooled thread 8] INFO  com.browserstack.utils.Helpers - false
12:18:50.661 [ApplicationImpl pooled thread 5] INFO  c.b.l.BrowserStackRunExtension - cucumber java
12:18:50.661 [ApplicationImpl pooled thread 5] INFO  com.browserstack.utils.Helpers - false
12:19:29.953 [ApplicationImpl pooled thread 12] INFO  c.b.l.BrowserStackRunExtension - junit
12:19:29.953 [ApplicationImpl pooled thread 12] INFO  com.browserstack.utils.Helpers - false
12:20:22.996 [ApplicationImpl pooled thread 11] INFO  c.b.l.BrowserStackRunExtension - junit
12:20:22.996 [ApplicationImpl pooled thread 11] INFO  com.browserstack.utils.Helpers - false
12:20:53.454 [ApplicationImpl pooled thread 11] INFO  c.b.l.BrowserStackRunExtension - junit
12:20:53.454 [ApplicationImpl pooled thread 11] INFO  com.browserstack.utils.Helpers - false
12:04:56.624 [ApplicationImpl pooled thread 28] INFO  c.b.l.BrowserStackRunExtension - junit
12:04:56.624 [ApplicationImpl pooled thread 28] INFO  com.browserstack.utils.Helpers - false
12:05:10.102 [ApplicationImpl pooled thread 42] INFO  c.b.l.BrowserStackRunExtension - junit
12:05:10.104 [ApplicationImpl pooled thread 42] INFO  com.browserstack.utils.Helpers - false
12:32:59.607 [ApplicationImpl pooled thread 75] INFO  c.b.l.BrowserStackRunExtension - junit
12:32:59.607 [ApplicationImpl pooled thread 75] INFO  com.browserstack.utils.Helpers - false
11:27:51.348 [AWT-EventQueue-0] INFO  c.b.actions.DisableBrowserStack - Setting disable browserstack run update
11:27:51.348 [AWT-EventQueue-0] INFO  com.browserstack.utils.Helpers - C:/Users/devbase/.m2/repository/com/browserstack/browserstack-java-sdk/1.40.0/browserstack-java-sdk-1.40.0.jar
11:27:51.348 [AWT-EventQueue-0] INFO  com.browserstack.utils.Helpers - false
11:27:51.363 [AWT-EventQueue-0] INFO  c.b.actions.EnableBrowserStack - Setting enable browserstack run update
11:27:51.363 [AWT-EventQueue-0] INFO  com.browserstack.utils.Helpers - C:/Users/devbase/.m2/repository/com/browserstack/browserstack-java-sdk/1.40.0/browserstack-java-sdk-1.40.0.jar
11:27:51.363 [AWT-EventQueue-0] INFO  com.browserstack.utils.Helpers - false
